<?xml version="1.0" encoding="UTF-8"?>
<!-- Generated by org.testng.reporters.JUnitXMLReporter -->
<testsuite ignored="0" hostname="DESKTOP-QMFSNLK" failures="1" tests="6" name="testng" time="59.172" errors="0" timestamp="2025-03-12T11:10:20 IST">
  <testcase classname="automationcore.Base" name="@BeforeMethod initializebrowser" time="5.263">
    <failure type="org.openqa.selenium.NoSuchWindowException" message="no such window: target window already closed
from unknown error: web view not found
  (Session info: chrome=134.0.6998.37)
Build info: version: &amp;apos;4.28.1&amp;apos;, revision: &amp;apos;73f5ad48a2&amp;apos;
System info: os.name: &amp;apos;Windows 11&amp;apos;, os.arch: &amp;apos;amd64&amp;apos;, os.version: &amp;apos;10.0&amp;apos;, java.version: &amp;apos;23.0.1&amp;apos;
Driver info: org.openqa.selenium.chrome.ChromeDriver
Command: [74af32b41a6f31544e09c2a423f01cb9, maximizeCurrentWindow {}]
Capabilities {acceptInsecureCerts: false, browserName: chrome, browserVersion: 134.0.6998.37, chrome: {chromedriverVersion: 134.0.6998.88 (7e3d5c978c6d..., userDataDir: C:\Users\user\AppData\Local...}, fedcm:accounts: true, goog:chromeOptions: {debuggerAddress: localhost:51926}, networkConnectionEnabled: false, pageLoadStrategy: normal, platformName: windows, proxy: Proxy(), se:cdp: ws://localhost:51926/devtoo..., se:cdpVersion: 134.0.6998.37, setWindowRect: true, strictFileInteractability: false, timeouts: {implicit: 0, pageLoad: 300000, script: 30000}, unhandledPromptBehavior: dismiss and notify, webauthn:extension:credBlob: true, webauthn:extension:largeBlob: true, webauthn:extension:minPinLength: true, webauthn:extension:prf: true, webauthn:virtualAuthenticators: true}
Session ID: 74af32b41a6f31544e09c2a423f01cb9">
      <![CDATA[org.openqa.selenium.NoSuchWindowException: no such window: target window already closed
from unknown error: web view not found
  (Session info: chrome=134.0.6998.37)
Build info: version: '4.28.1', revision: '73f5ad48a2'
System info: os.name: 'Windows 11', os.arch: 'amd64', os.version: '10.0', java.version: '23.0.1'
Driver info: org.openqa.selenium.chrome.ChromeDriver
Command: [74af32b41a6f31544e09c2a423f01cb9, maximizeCurrentWindow {}]
Capabilities {acceptInsecureCerts: false, browserName: chrome, browserVersion: 134.0.6998.37, chrome: {chromedriverVersion: 134.0.6998.88 (7e3d5c978c6d..., userDataDir: C:\Users\user\AppData\Local...}, fedcm:accounts: true, goog:chromeOptions: {debuggerAddress: localhost:51926}, networkConnectionEnabled: false, pageLoadStrategy: normal, platformName: windows, proxy: Proxy(), se:cdp: ws://localhost:51926/devtoo..., se:cdpVersion: 134.0.6998.37, setWindowRect: true, strictFileInteractability: false, timeouts: {implicit: 0, pageLoad: 300000, script: 30000}, unhandledPromptBehavior: dismiss and notify, webauthn:extension:credBlob: true, webauthn:extension:largeBlob: true, webauthn:extension:minPinLength: true, webauthn:extension:prf: true, webauthn:virtualAuthenticators: true}
Session ID: 74af32b41a6f31544e09c2a423f01cb9
at org.openqa.selenium.remote.ErrorCodec.decode(ErrorCodec.java:167)
at org.openqa.selenium.remote.codec.w3c.W3CHttpResponseCodec.decode(W3CHttpResponseCodec.java:138)
at org.openqa.selenium.remote.codec.w3c.W3CHttpResponseCodec.decode(W3CHttpResponseCodec.java:50)
at org.openqa.selenium.remote.HttpCommandExecutor.execute(HttpCommandExecutor.java:215)
at org.openqa.selenium.remote.service.DriverCommandExecutor.invokeExecute(DriverCommandExecutor.java:216)
at org.openqa.selenium.remote.service.DriverCommandExecutor.execute(DriverCommandExecutor.java:174)
at org.openqa.selenium.remote.RemoteWebDriver.execute(RemoteWebDriver.java:545)
at org.openqa.selenium.remote.RemoteWebDriver.execute(RemoteWebDriver.java:618)
at org.openqa.selenium.remote.RemoteWebDriver.execute(RemoteWebDriver.java:622)
at org.openqa.selenium.remote.RemoteWebDriver$RemoteWebDriverOptions$RemoteWindow.maximize(RemoteWebDriver.java:1061)
at automationcore.Base.initializebrowser(Base.java:52)
at java.base/java.util.ArrayList.forEach(ArrayList.java:1597)
... Removed 32 stack frames]]>
    </failure>
  </testcase> <!-- @BeforeMethod initializebrowser -->
  <testcase classname="automationcore.Base" name="@AfterMethod driverquit" time="0.0">
    <skipped/>
  </testcase> <!-- @AfterMethod driverquit -->
  <testcase classname="automationcore.Base" name="@BeforeMethod initializebrowser" time="0.0">
    <skipped/>
  </testcase> <!-- @BeforeMethod initializebrowser -->
  <testcase classname="automationcore.Base" name="@AfterMethod driverquit" time="0.0">
    <skipped/>
  </testcase> <!-- @AfterMethod driverquit -->
  <testcase classname="automationcore.Base" name="@BeforeMethod initializebrowser" time="0.0">
    <skipped/>
  </testcase> <!-- @BeforeMethod initializebrowser -->
  <testcase classname="automationcore.Base" name="@AfterMethod driverquit" time="0.0">
    <skipped/>
  </testcase> <!-- @AfterMethod driverquit -->
  <testcase classname="testscript.Categorytest" name="verifyUserIsAbleTocreateNewCategory" time="6.54">
    <skipped/>
  </testcase> <!-- verifyUserIsAbleTocreateNewCategory -->
  <testcase classname="testscript.Categorytest" name="verifyUserIsAbleTocreateNewCategory" time="9.949">
    <skipped/>
  </testcase> <!-- verifyUserIsAbleTocreateNewCategory -->
  <testcase classname="testscript.Categorytest" name="verifyUserIsAbleTocreateNewCategory" time="6.426">
    <failure type="org.openqa.selenium.InvalidArgumentException" message="invalid argument: File not found : C:\Users\user\eclipse-workspace\7rmartsrc\test\resources\images\BidriKaiserSlingBag_1.jpg
  (Session info: chrome=134.0.6998.37)
Build info: version: &amp;apos;4.28.1&amp;apos;, revision: &amp;apos;73f5ad48a2&amp;apos;
System info: os.name: &amp;apos;Windows 11&amp;apos;, os.arch: &amp;apos;amd64&amp;apos;, os.version: &amp;apos;10.0&amp;apos;, java.version: &amp;apos;23.0.1&amp;apos;
Driver info: org.openqa.selenium.chrome.ChromeDriver
Command: [8ce1c1b7c40b0f424268a2c5e9f109ef, sendKeysToElement {id=f.AE0AB12C2B08641C82867ECC06E9929A.d.5EE0F83155A4D46A1005F622FA84CAF8.e.88, value=[Ljava.lang.CharSequence;@2687725a}]
Capabilities {acceptInsecureCerts: false, browserName: chrome, browserVersion: 134.0.6998.37, chrome: {chromedriverVersion: 134.0.6998.88 (7e3d5c978c6d..., userDataDir: C:\Users\user\AppData\Local...}, fedcm:accounts: true, goog:chromeOptions: {debuggerAddress: localhost:51900}, networkConnectionEnabled: false, pageLoadStrategy: normal, platformName: windows, proxy: Proxy(), se:cdp: ws://localhost:51900/devtoo..., se:cdpVersion: 134.0.6998.37, setWindowRect: true, strictFileInteractability: false, timeouts: {implicit: 0, pageLoad: 300000, script: 30000}, unhandledPromptBehavior: dismiss and notify, webauthn:extension:credBlob: true, webauthn:extension:largeBlob: true, webauthn:extension:minPinLength: true, webauthn:extension:prf: true, webauthn:virtualAuthenticators: true}
Element: [[ChromeDriver: chrome on windows (8ce1c1b7c40b0f424268a2c5e9f109ef)] -&amp;gt; xpath: //input[@id=&amp;apos;main_img&amp;apos;]]
Session ID: 8ce1c1b7c40b0f424268a2c5e9f109ef">
      <![CDATA[org.openqa.selenium.InvalidArgumentException: invalid argument: File not found : C:\Users\user\eclipse-workspace\7rmartsrc\test\resources\images\BidriKaiserSlingBag_1.jpg
  (Session info: chrome=134.0.6998.37)
Build info: version: '4.28.1', revision: '73f5ad48a2'
System info: os.name: 'Windows 11', os.arch: 'amd64', os.version: '10.0', java.version: '23.0.1'
Driver info: org.openqa.selenium.chrome.ChromeDriver
Command: [8ce1c1b7c40b0f424268a2c5e9f109ef, sendKeysToElement {id=f.AE0AB12C2B08641C82867ECC06E9929A.d.5EE0F83155A4D46A1005F622FA84CAF8.e.88, value=[Ljava.lang.CharSequence;@2687725a}]
Capabilities {acceptInsecureCerts: false, browserName: chrome, browserVersion: 134.0.6998.37, chrome: {chromedriverVersion: 134.0.6998.88 (7e3d5c978c6d..., userDataDir: C:\Users\user\AppData\Local...}, fedcm:accounts: true, goog:chromeOptions: {debuggerAddress: localhost:51900}, networkConnectionEnabled: false, pageLoadStrategy: normal, platformName: windows, proxy: Proxy(), se:cdp: ws://localhost:51900/devtoo..., se:cdpVersion: 134.0.6998.37, setWindowRect: true, strictFileInteractability: false, timeouts: {implicit: 0, pageLoad: 300000, script: 30000}, unhandledPromptBehavior: dismiss and notify, webauthn:extension:credBlob: true, webauthn:extension:largeBlob: true, webauthn:extension:minPinLength: true, webauthn:extension:prf: true, webauthn:virtualAuthenticators: true}
Element: [[ChromeDriver: chrome on windows (8ce1c1b7c40b0f424268a2c5e9f109ef)] -> xpath: //input[@id='main_img']]
Session ID: 8ce1c1b7c40b0f424268a2c5e9f109ef
at org.openqa.selenium.remote.ErrorCodec.decode(ErrorCodec.java:167)
at org.openqa.selenium.remote.codec.w3c.W3CHttpResponseCodec.decode(W3CHttpResponseCodec.java:138)
at org.openqa.selenium.remote.codec.w3c.W3CHttpResponseCodec.decode(W3CHttpResponseCodec.java:50)
at org.openqa.selenium.remote.HttpCommandExecutor.execute(HttpCommandExecutor.java:215)
at org.openqa.selenium.remote.service.DriverCommandExecutor.invokeExecute(DriverCommandExecutor.java:216)
at org.openqa.selenium.remote.service.DriverCommandExecutor.execute(DriverCommandExecutor.java:174)
at org.openqa.selenium.remote.RemoteWebDriver.execute(RemoteWebDriver.java:545)
at org.openqa.selenium.remote.RemoteWebElement.execute(RemoteWebElement.java:223)
at org.openqa.selenium.remote.RemoteWebElement.sendKeys(RemoteWebElement.java:110)
at org.openqa.selenium.support.pagefactory.internal.LocatingElementHandler.invoke(LocatingElementHandler.java:51)
at jdk.proxy2/jdk.proxy2.$Proxy15.sendKeys(Unknown Source)
at utilities.FileUploadingUtility.fileuploadusingsendkeys(FileUploadingUtility.java:17)
at pages.Categorypage.clickChooseFile(Categorypage.java:71)
at testscript.Categorytest.verifyUserIsAbleTocreateNewCategory(Categorytest.java:27)
at java.base/java.util.ArrayList.forEach(ArrayList.java:1597)
... Removed 30 stack frames]]>
    </failure>
  </testcase> <!-- verifyUserIsAbleTocreateNewCategory -->
  <testcase classname="testscript.Categorytest" name="verifyUserIsAbleTodeleteTheCategoryField" time="0.0">
    <skipped/>
  </testcase> <!-- verifyUserIsAbleTodeleteTheCategoryField -->
  <testcase classname="testscript.Categorytest" name="verifyUserIsAbleTosearchCategory" time="0.0">
    <skipped/>
  </testcase> <!-- verifyUserIsAbleTosearchCategory -->
  <testcase classname="testscript.Categorytest" name="verifyUserIsAbleToupdateTheCategoryField" time="0.004">
    <skipped/>
  </testcase> <!-- verifyUserIsAbleToupdateTheCategoryField -->
</testsuite> <!-- testng -->
